<?xml version="1.0" encoding="UTF-8"?>
<testng-results skipped="0" failed="0" ignored="0" total="4" passed="4">
  <reporter-output>
  </reporter-output>
  <suite name="Suite" duration-ms="7122" started-at="2019-06-27T20:27:55Z" finished-at="2019-06-27T20:28:02Z">
    <groups>
    </groups>
    <test name="loginToApplication" duration-ms="7122" started-at="2019-06-27T20:27:55Z" finished-at="2019-06-27T20:28:02Z">
      <class name="loginTestCases.Login">
        <test-method status="PASS" signature="beforeTest()[pri:0, instance:loginTestCases.Login@548a9f61]" name="beforeTest" is-config="true" duration-ms="3518" started-at="2019-06-27T20:27:55Z" finished-at="2019-06-27T20:27:59Z">
          <reporter-output>
          </reporter-output>
        </test-method> <!-- beforeTest -->
        <test-method status="PASS" signature="loginWithBothIncorrect(java.lang.String, java.lang.String)[pri:0, instance:loginTestCases.Login@548a9f61]" name="loginWithBothIncorrect" duration-ms="1165" started-at="2019-06-27T20:27:59Z" data-provider="loginData" finished-at="2019-06-27T20:28:00Z">
          <params>
            <param index="0">
              <value>
                <![CDATA[Admin]]>
              </value>
            </param>
            <param index="1">
              <value>
                <![CDATA[admin]]>
              </value>
            </param>
          </params>
          <reporter-output>
          </reporter-output>
        </test-method> <!-- loginWithBothIncorrect -->
        <test-method status="PASS" signature="loginWithBothIncorrect(java.lang.String, java.lang.String)[pri:0, instance:loginTestCases.Login@548a9f61]" name="loginWithBothIncorrect" duration-ms="699" started-at="2019-06-27T20:28:00Z" data-provider="loginData" finished-at="2019-06-27T20:28:01Z">
          <params>
            <param index="0">
              <value>
                <![CDATA[Admin]]>
              </value>
            </param>
            <param index="1">
              <value>
                <![CDATA[admin1]]>
              </value>
            </param>
          </params>
          <reporter-output>
          </reporter-output>
        </test-method> <!-- loginWithBothIncorrect -->
        <test-method status="PASS" signature="loginWithBothIncorrect(java.lang.String, java.lang.String)[pri:0, instance:loginTestCases.Login@548a9f61]" name="loginWithBothIncorrect" duration-ms="416" started-at="2019-06-27T20:28:01Z" data-provider="loginData" finished-at="2019-06-27T20:28:01Z">
          <params>
            <param index="0">
              <value>
                <![CDATA[Admin1]]>
              </value>
            </param>
            <param index="1">
              <value>
                <![CDATA[admin]]>
              </value>
            </param>
          </params>
          <reporter-output>
          </reporter-output>
        </test-method> <!-- loginWithBothIncorrect -->
        <test-method status="PASS" signature="loginWithBothIncorrect(java.lang.String, java.lang.String)[pri:0, instance:loginTestCases.Login@548a9f61]" name="loginWithBothIncorrect" duration-ms="443" started-at="2019-06-27T20:28:01Z" data-provider="loginData" finished-at="2019-06-27T20:28:02Z">
          <params>
            <param index="0">
              <value>
                <![CDATA[Admin1]]>
              </value>
            </param>
            <param index="1">
              <value>
                <![CDATA[admin1]]>
              </value>
            </param>
          </params>
          <reporter-output>
          </reporter-output>
        </test-method> <!-- loginWithBothIncorrect -->
        <test-method status="PASS" signature="afterTest()[pri:0, instance:loginTestCases.Login@548a9f61]" name="afterTest" is-config="true" duration-ms="689" started-at="2019-06-27T20:28:02Z" finished-at="2019-06-27T20:28:02Z">
          <reporter-output>
          </reporter-output>
        </test-method> <!-- afterTest -->
      </class> <!-- loginTestCases.Login -->
    </test> <!-- loginToApplication -->
  </suite> <!-- Suite -->
</testng-results>
