<?xml version="1.0" encoding="UTF-8"?>
<!-- Generated by org.testng.reporters.JUnitXMLReporter -->
<testsuite hostname="DESKTOP-SAJBFO5" ignored="0" name="loginToApplication" tests="4" failures="0" timestamp="27 Jun 2019 20:28:02 GMT" time="7.122" errors="0">
  <testcase name="loginWithBothIncorrect" time="1.165" classname="loginTestCases.Login"/>
  <testcase name="loginWithBothIncorrect" time="0.699" classname="loginTestCases.Login"/>
  <testcase name="loginWithBothIncorrect" time="0.416" classname="loginTestCases.Login"/>
  <testcase name="loginWithBothIncorrect" time="0.443" classname="loginTestCases.Login"/>
</testsuite> <!-- loginToApplication -->
