<?xml version="1.0" encoding="UTF-8"?>
<!-- Generated by org.testng.reporters.JUnitXMLReporter -->
<testsuite hostname="DESKTOP-SAJBFO5" ignored="0" name="Test" tests="4" failures="0" timestamp="27 Jun 2019 18:02:35 GMT" time="20.242" errors="0">
  <testcase name="loginWithBothCorrrect" time="5.941" classname="loginTestCases.BothCorrect"/>
  <testcase name="loginWithCorrecrUserName" time="5.025" classname="loginTestCases.CorrectUserName"/>
  <testcase name="loginWithBothIncorrect" time="4.586" classname="loginTestCases.BothIncorrect"/>
  <testcase name="loginWithCorrecrPassword" time="4.618" classname="loginTestCases.CorrectPassword"/>
</testsuite> <!-- Test -->
